# JRE version: OpenJDK Runtime Environment (8.0_152-b01) (build 1.8.0_152-release-915-b01)
# Java VM: OpenJDK 64-Bit Server VM (25.152-b01 mixed mode windows-amd64 compressed oops)
Heap:
 PSYoungGen      total 137216K, used 17448K [0x00000000e0000000, 0x00000000ec800000, 0x0000000100000000)
  eden space 71168K, 17% used [0x00000000e0000000,0x00000000e0bf2108,0x00000000e4580000)
  from space 66048K, 7% used [0x00000000e4580000,0x00000000e4a98030,0x00000000e8600000)
  to   space 64512K, 0% used [0x00000000e8600000,0x00000000e8600000,0x00000000ec500000)
 ParOldGen       total 124416K, used 75042K [0x00000000a0000000, 0x00000000a7980000, 0x00000000e0000000)
  object space 124416K, 60% used [0x00000000a0000000,0x00000000a4948820,0x00000000a7980000)
 Metaspace       used 89191K, capacity 96602K, committed 96728K, reserved 1132544K
  class space    used 11320K, capacity 13025K, committed 13056K, reserved 1048576K
GC Heap History (10 events):
Event: 5411.688 GC heap before
{Heap before GC invocations=97 (full 5):
 PSYoungGen      total 117760K, used 98226K [0x00000000e0000000, 0x00000000ec500000, 0x0000000100000000)
  eden space 50176K, 100% used [0x00000000e0000000,0x00000000e3100000,0x00000000e3100000)
  from space 67584K, 71% used [0x00000000e3100000,0x00000000e5fec988,0x00000000e7300000)
  to   space 70656K, 0% used [0x00000000e8000000,0x00000000e8000000,0x00000000ec500000)
 ParOldGen       total 102912K, used 79930K [0x00000000a0000000, 0x00000000a6480000, 0x00000000e0000000)
  object space 102912K, 77% used [0x00000000a0000000,0x00000000a4e0e858,0x00000000a6480000)
 Metaspace       used 88428K, capacity 94890K, committed 95192K, reserved 1132544K
  class space    used 11169K, capacity 12698K, committed 12800K, reserved 1048576K
Event: 5411.766 GC heap after
Heap after GC invocations=97 (full 5):
 PSYoungGen      total 122880K, used 30478K [0x00000000e0000000, 0x00000000ebd00000, 0x0000000100000000)
  eden space 60416K, 0% used [0x00000000e0000000,0x00000000e0000000,0x00000000e3b00000)
  from space 62464K, 48% used [0x00000000e8000000,0x00000000e9dc3a18,0x00000000ebd00000)
  to   space 66560K, 0% used [0x00000000e3b00000,0x00000000e3b00000,0x00000000e7c00000)
 ParOldGen       total 102912K, used 89094K [0x00000000a0000000, 0x00000000a6480000, 0x00000000e0000000)
  object space 102912K, 86% used [0x00000000a0000000,0x00000000a57019b8,0x00000000a6480000)
 Metaspace       used 88428K, capacity 94890K, committed 95192K, reserved 1132544K
  class space    used 11169K, capacity 12698K, committed 12800K, reserved 1048576K
}
Event: 5411.914 GC heap before
{Heap before GC invocations=98 (full 5):
 PSYoungGen      total 122880K, used 90894K [0x00000000e0000000, 0x00000000ebd00000, 0x0000000100000000)
  eden space 60416K, 100% used [0x00000000e0000000,0x00000000e3b00000,0x00000000e3b00000)
  from space 62464K, 48% used [0x00000000e8000000,0x00000000e9dc3a18,0x00000000ebd00000)
  to   space 66560K, 0% used [0x00000000e3b00000,0x00000000e3b00000,0x00000000e7c00000)
 ParOldGen       total 102912K, used 89094K [0x00000000a0000000, 0x00000000a6480000, 0x00000000e0000000)
  object space 102912K, 86% used [0x00000000a0000000,0x00000000a57019b8,0x00000000a6480000)
 Metaspace       used 88433K, capacity 94890K, committed 95192K, reserved 1132544K
  class space    used 11169K, capacity 12698K, committed 12800K, reserved 1048576K
Event: 5411.947 GC heap after
Heap after GC invocations=98 (full 5):
 PSYoungGen      total 126976K, used 34721K [0x00000000e0000000, 0x00000000ec500000, 0x0000000100000000)
  eden space 60416K, 0% used [0x00000000e0000000,0x00000000e0000000,0x00000000e3b00000)
  from space 66560K, 52% used [0x00000000e3b00000,0x00000000e5ce8770,0x00000000e7c00000)
  to   space 64512K, 0% used [0x00000000e8600000,0x00000000e8600000,0x00000000ec500000)
 ParOldGen       total 102912K, used 97597K [0x00000000a0000000, 0x00000000a6480000, 0x00000000e0000000)
  object space 102912K, 94% used [0x00000000a0000000,0x00000000a5f4f550,0x00000000a6480000)
 Metaspace       used 88433K, capacity 94890K, committed 95192K, reserved 1132544K
  class space    used 11169K, capacity 12698K, committed 12800K, reserved 1048576K
}
Event: 5411.961 GC heap before
{Heap before GC invocations=99 (full 6):
 PSYoungGen      total 126976K, used 34721K [0x00000000e0000000, 0x00000000ec500000, 0x0000000100000000)
  eden space 60416K, 0% used [0x00000000e0000000,0x00000000e0000000,0x00000000e3b00000)
  from space 66560K, 52% used [0x00000000e3b00000,0x00000000e5ce8770,0x00000000e7c00000)
  to   space 64512K, 0% used [0x00000000e8600000,0x00000000e8600000,0x00000000ec500000)
 ParOldGen       total 102912K, used 97597K [0x00000000a0000000, 0x00000000a6480000, 0x00000000e0000000)
  object space 102912K, 94% used [0x00000000a0000000,0x00000000a5f4f550,0x00000000a6480000)
 Metaspace       used 88433K, capacity 94890K, committed 95192K, reserved 1132544K
  class space    used 11169K, capacity 12698K, committed 12800K, reserved 1048576K
Event: 5414.433 GC heap after
Heap after GC invocations=99 (full 6):
 PSYoungGen      total 126976K, used 0K [0x00000000e0000000, 0x00000000ec500000, 0x0000000100000000)
  eden space 60416K, 0% used [0x00000000e0000000,0x00000000e0000000,0x00000000e3b00000)
  from space 66560K, 0% used [0x00000000e3b00000,0x00000000e3b00000,0x00000000e7c00000)
  to   space 64512K, 0% used [0x00000000e8600000,0x00000000e8600000,0x00000000ec500000)
 ParOldGen       total 124416K, used 75034K [0x00000000a0000000, 0x00000000a7980000, 0x00000000e0000000)
  object space 124416K, 60% used [0x00000000a0000000,0x00000000a4946820,0x00000000a7980000)
 Metaspace       used 88213K, capacity 94460K, committed 95192K, reserved 1132544K
  class space    used 11125K, capacity 12596K, committed 12800K, reserved 1048576K
}
Event: 5471.474 GC heap before
{Heap before GC invocations=100 (full 6):
 PSYoungGen      total 126976K, used 60416K [0x00000000e0000000, 0x00000000ec500000, 0x0000000100000000)
  eden space 60416K, 100% used [0x00000000e0000000,0x00000000e3b00000,0x00000000e3b00000)
  from space 66560K, 0% used [0x00000000e3b00000,0x00000000e3b00000,0x00000000e7c00000)
  to   space 64512K, 0% used [0x00000000e8600000,0x00000000e8600000,0x00000000ec500000)
 ParOldGen       total 124416K, used 75034K [0x00000000a0000000, 0x00000000a7980000, 0x00000000e0000000)
  object space 124416K, 60% used [0x00000000a0000000,0x00000000a4946820,0x00000000a7980000)
 Metaspace       used 88662K, capacity 95548K, committed 95832K, reserved 1132544K
  class space    used 11229K, capacity 12824K, committed 12928K, reserved 1048576K
Event: 5471.499 GC heap after
Heap after GC invocations=100 (full 6):
 PSYoungGen      total 135680K, used 2240K [0x00000000e0000000, 0x00000000ec800000, 0x0000000100000000)
  eden space 71168K, 0% used [0x00000000e0000000,0x00000000e0000000,0x00000000e4580000)
  from space 64512K, 3% used [0x00000000e8600000,0x00000000e8830010,0x00000000ec500000)
  to   space 66048K, 0% used [0x00000000e4580000,0x00000000e4580000,0x00000000e8600000)
 ParOldGen       total 124416K, used 75034K [0x00000000a0000000, 0x00000000a7980000, 0x00000000e0000000)
  object space 124416K, 60% used [0x00000000a0000000,0x00000000a4946820,0x00000000a7980000)
 Metaspace       used 88662K, capacity 95548K, committed 95832K, reserved 1132544K
  class space    used 11229K, capacity 12824K, committed 12928K, reserved 1048576K
}
Event: 5529.801 GC heap before
{Heap before GC invocations=101 (full 6):
 PSYoungGen      total 135680K, used 73408K [0x00000000e0000000, 0x00000000ec800000, 0x0000000100000000)
  eden space 71168K, 100% used [0x00000000e0000000,0x00000000e4580000,0x00000000e4580000)
  from space 64512K, 3% used [0x00000000e8600000,0x00000000e8830010,0x00000000ec500000)
  to   space 66048K, 0% used [0x00000000e4580000,0x00000000e4580000,0x00000000e8600000)
 ParOldGen       total 124416K, used 75034K [0x00000000a0000000, 0x00000000a7980000, 0x00000000e0000000)
  object space 124416K, 60% used [0x00000000a0000000,0x00000000a4946820,0x00000000a7980000)
 Metaspace       used 89006K, capacity 96242K, committed 96472K, reserved 1132544K
  class space    used 11284K, capacity 12919K, committed 13056K, reserved 1048576K
Event: 5529.809 GC heap after
Heap after GC invocations=101 (full 6):
 PSYoungGen      total 137216K, used 5216K [0x00000000e0000000, 0x00000000ec800000, 0x0000000100000000)
  eden space 71168K, 0% used [0x00000000e0000000,0x00000000e0000000,0x00000000e4580000)
  from space 66048K, 7% used [0x00000000e4580000,0x00000000e4a98030,0x00000000e8600000)
  to   space 64512K, 0% used [0x00000000e8600000,0x00000000e8600000,0x00000000ec500000)
 ParOldGen       total 124416K, used 75042K [0x00000000a0000000, 0x00000000a7980000, 0x00000000e0000000)
  object space 124416K, 60% used [0x00000000a0000000,0x00000000a4948820,0x00000000a7980000)
 Metaspace       used 89006K, capacity 96242K, committed 96472K, reserved 1132544K
  class space    used 11284K, capacity 12919K, committed 13056K, reserved 1048576K
}

